

================================================================
== Vivado HLS Report for 'add_sub'
================================================================
* Date:           Tue Jun 29 12:15:05 2021

* Version:        2019.2 (Build 2704478 on Wed Nov 06 22:10:23 MST 2019)
* Project:        K_ntt
* Solution:       solution
* Product family: virtexuplus
* Target device:  xcu50-fsvh2104-2-e


================================================================
== Performance Estimates
================================================================
+ Timing: 
    * Summary: 
    +--------+---------+----------+------------+
    |  Clock |  Target | Estimated| Uncertainty|
    +--------+---------+----------+------------+
    |ap_clk  | 3.33 ns | 2.223 ns |   0.90 ns  |
    +--------+---------+----------+------------+

+ Latency: 
    * Summary: 
    +---------+---------+----------+----------+-----+-----+----------+
    |  Latency (cycles) |  Latency (absolute) |  Interval | Pipeline |
    |   min   |   max   |    min   |    max   | min | max |   Type   |
    +---------+---------+----------+----------+-----+-----+----------+
    |        1|        1| 3.333 ns | 3.333 ns |    1|    1| function |
    +---------+---------+----------+----------+-----+-----+----------+

    + Detail: 
        * Instance: 
        N/A

        * Loop: 
        N/A



================================================================
== Utilization Estimates
================================================================
* Summary: 
+---------------------+---------+-------+---------+--------+-----+
|         Name        | BRAM_18K| DSP48E|    FF   |   LUT  | URAM|
+---------------------+---------+-------+---------+--------+-----+
|DSP                  |        -|      -|        -|       -|    -|
|Expression           |        -|      -|        0|     448|    -|
|FIFO                 |        -|      -|        -|       -|    -|
|Instance             |        -|      -|        -|       -|    -|
|Memory               |        -|      -|        -|       -|    -|
|Multiplexer          |        -|      -|        -|       -|    -|
|Register             |        -|      -|      129|       -|    -|
+---------------------+---------+-------+---------+--------+-----+
|Total                |        0|      0|      129|     448|    0|
+---------------------+---------+-------+---------+--------+-----+
|Available SLR        |     1344|   2976|   871680|  435840|  320|
+---------------------+---------+-------+---------+--------+-----+
|Utilization SLR (%)  |        0|      0|    ~0   |   ~0   |    0|
+---------------------+---------+-------+---------+--------+-----+
|Available            |     2688|   5952|  1743360|  871680|  640|
+---------------------+---------+-------+---------+--------+-----+
|Utilization (%)      |        0|      0|    ~0   |   ~0   |    0|
+---------------------+---------+-------+---------+--------+-----+

+ Detail: 
    * Instance: 
    N/A

    * DSP48E: 
    N/A

    * Memory: 
    N/A

    * FIFO: 
    N/A

    * Expression: 
    +------------------------+----------+-------+---+----+------------+------------+
    |      Variable Name     | Operation| DSP48E| FF| LUT| Bitwidth P0| Bitwidth P1|
    +------------------------+----------+-------+---+----+------------+------------+
    |add_ln17_fu_112_p2      |     +    |      0|  0|  32|          32|          32|
    |add_ln21_fu_152_p2      |     +    |      0|  0|  32|          32|          32|
    |ret_V_10_fu_44_p2       |     +    |      0|  0|  33|          33|          33|
    |ret_V_11_fu_50_p2       |     -    |      0|  0|  33|          33|          33|
    |sub_ln1371_fu_92_p2     |     -    |      0|  0|  32|           1|          32|
    |ta_V_1_fu_80_p2         |     -    |      0|  0|  33|          33|          33|
    |tb_V_1_fu_130_p2        |     -    |      0|  0|  33|          33|          33|
    |ap_ext_blocking_n       |    and   |      0|  0|   2|           2|           2|
    |ap_int_blocking_n       |    and   |      0|  0|   2|           2|           2|
    |ap_str_blocking_n       |    and   |      0|  0|   2|           2|           2|
    |icmp_ln887_1_fu_142_p2  |   icmp   |      0|  0|  21|          33|          33|
    |icmp_ln887_fu_102_p2    |   icmp   |      0|  0|  21|          33|          33|
    |icmp_ln895_1_fu_125_p2  |   icmp   |      0|  0|  21|          33|          33|
    |icmp_ln895_fu_72_p2     |   icmp   |      0|  0|  21|          33|          33|
    |select_ln17_fu_117_p3   |  select  |      0|  0|  32|           1|          32|
    |select_ln19_fu_135_p3   |  select  |      0|  0|  33|           1|          33|
    |select_ln21_fu_157_p3   |  select  |      0|  0|  32|           1|          32|
    |ta_V_2_fu_85_p3         |  select  |      0|  0|  33|           1|          33|
    +------------------------+----------+-------+---+----+------------+------------+
    |Total                   |          |      0|  0| 448|         339|         496|
    +------------------------+----------+-------+---+----+------------+------------+

    * Multiplexer: 
    N/A

    * Register: 
    +--------------------+----+----+-----+-----------+
    |        Name        | FF | LUT| Bits| Const Bits|
    +--------------------+----+----+-----+-----------+
    |lshr_ln_reg_198     |  31|   0|   31|          0|
    |mod_V_read_reg_177  |  32|   0|   32|          0|
    |ret_V_10_reg_184    |  33|   0|   33|          0|
    |ret_V_11_reg_191    |  33|   0|   33|          0|
    +--------------------+----+----+-----+-----------+
    |Total               | 129|   0|  129|          0|
    +--------------------+----+----+-----+-----------+



================================================================
== Interface
================================================================
* Summary: 
+-------------------+-----+-----+------------+--------------+--------------+
|     RTL Ports     | Dir | Bits|  Protocol  | Source Object|    C Type    |
+-------------------+-----+-----+------------+--------------+--------------+
|ap_clk             |  in |    1| ap_ctrl_hs |    add_sub   | return value |
|ap_rst             |  in |    1| ap_ctrl_hs |    add_sub   | return value |
|ap_return_0        | out |   32| ap_ctrl_hs |    add_sub   | return value |
|ap_return_1        | out |   32| ap_ctrl_hs |    add_sub   | return value |
|ap_ce              |  in |    1| ap_ctrl_hs |    add_sub   | return value |
|ap_ext_blocking_n  | out |    1| ap_ctrl_hs |    add_sub   | return value |
|ap_str_blocking_n  | out |    1| ap_ctrl_hs |    add_sub   | return value |
|ap_int_blocking_n  | out |    1| ap_ctrl_hs |    add_sub   | return value |
|a_V_read           |  in |   32|   ap_none  |   a_V_read   |    scalar    |
|b_V_read           |  in |   32|   ap_none  |   b_V_read   |    scalar    |
|mod_V              |  in |   32|   ap_none  |     mod_V    |    scalar    |
+-------------------+-----+-----+------------+--------------+--------------+

