

================================================================
== Vivado HLS Report for 'K_ntt'
================================================================
* Date:           Tue Jun 29 12:15:07 2021

* Version:        2019.2 (Build 2704478 on Wed Nov 06 22:10:23 MST 2019)
* Project:        K_ntt
* Solution:       solution
* Product family: virtexuplus
* Target device:  xcu50-fsvh2104-2-e


================================================================
== Performance Estimates
================================================================
+ Timing: 
    * Summary: 
    +--------+---------+----------+------------+
    |  Clock |  Target | Estimated| Uncertainty|
    +--------+---------+----------+------------+
    |ap_clk  | 3.33 ns | 2.527 ns |   0.90 ns  |
    +--------+---------+----------+------------+

+ Latency: 
    * Summary: 
    +---------+---------+----------+----------+--------+--------+---------+
    |  Latency (cycles) |  Latency (absolute) |     Interval    | Pipeline|
    |   min   |   max   |    min   |    max   |   min  |   max  |   Type  |
    +---------+---------+----------+----------+--------+--------+---------+
    |   313411|   352764| 1.045 ms | 1.176 ms |  313411|  352764|   none  |
    +---------+---------+----------+----------+--------+--------+---------+

    + Detail: 
        * Instance: 
        +-----------------+-------+---------+---------+-----------+-----------+-------+-------+---------+
        |                 |       |  Latency (cycles) |   Latency (absolute)  |    Interval   | Pipeline|
        |     Instance    | Module|   min   |   max   |    min    |    max    |  min  |  max  |   Type  |
        +-----------------+-------+---------+---------+-----------+-----------+-------+-------+---------+
        |grp_NTT_fu_1250  |NTT    |    27211|    27705| 90.694 us | 92.341 us |  27211|  27705|   none  |
        +-----------------+-------+---------+---------+-----------+-----------+-------+-------+---------+

        * Loop: 
        +-----------+---------+---------+---------------+-----------+-----------+-------+----------+
        |           |  Latency (cycles) |   Iteration   |  Initiation Interval  |  Trip |          |
        | Loop Name |   min   |   max   |    Latency    |  achieved |   target  | Count | Pipelined|
        +-----------+---------+---------+---------------+-----------+-----------+-------+----------+
        |- Loop 1   |    57352|    57352|             11|          2|          1|  28672|    yes   |
        |- Loop 2   |   190505|   193963| 27215 ~ 27709 |          -|          -|      7|    no    |
        |- Loop 3   |    57350|    57350|              9|          2|          1|  28672|    yes   |
        |- Loop 4   |     8192|     8192|              2|          1|          1|   8192|    yes   |
        |- Loop 5   |    57352|    57352|             11|          2|          1|  28672|    yes   |
        |- Loop 6   |   190505|   193963| 27215 ~ 27709 |          -|          -|      7|    no    |
        |- Loop 7   |    57350|    57350|              9|          2|          1|  28672|    yes   |
        |- Loop 8   |     8192|     8192|              2|          1|          1|   8192|    yes   |
        |- Loop 9   |    65544|    65544|             11|          2|          1|  32768|    yes   |
        |- Loop 10  |   217720|   221672| 27215 ~ 27709 |          -|          -|      8|    no    |
        |- Loop 11  |    65542|    65542|              9|          2|          1|  32768|    yes   |
        |- Loop 12  |    65544|    65544|             11|          2|          1|  32768|    yes   |
        |- Loop 13  |   217720|   221672| 27215 ~ 27709 |          -|          -|      8|    no    |
        |- Loop 14  |    65542|    65542|              9|          2|          1|  32768|    yes   |
        |- Loop 15  |    57352|    57352|             11|          2|          1|  28672|    yes   |
        |- Loop 16  |   190505|   193963| 27215 ~ 27709 |          -|          -|      7|    no    |
        |- Loop 17  |    57350|    57350|              9|          2|          1|  28672|    yes   |
        |- Loop 18  |     8192|     8192|              2|          1|          1|   8192|    yes   |
        +-----------+---------+---------+---------------+-----------+-----------+-------+----------+



================================================================
== Utilization Estimates
================================================================
* Summary: 
+---------------------+---------+-------+---------+--------+-----+
|         Name        | BRAM_18K| DSP48E|    FF   |   LUT  | URAM|
+---------------------+---------+-------+---------+--------+-----+
|DSP                  |        -|      -|        -|       -|    -|
|Expression           |        -|      -|        0|    3042|    -|
|FIFO                 |        -|      -|        -|       -|    -|
|Instance             |      446|     25|    11674|    8643|    -|
|Memory               |      114|      -|       64|      16|    0|
|Multiplexer          |        -|      -|        -|    1729|    -|
|Register             |        0|      -|     5142|     800|    -|
+---------------------+---------+-------+---------+--------+-----+
|Total                |      560|     25|    16880|   14230|    0|
+---------------------+---------+-------+---------+--------+-----+
|Available SLR        |     1344|   2976|   871680|  435840|  320|
+---------------------+---------+-------+---------+--------+-----+
|Utilization SLR (%)  |       41|   ~0  |        1|       3|    0|
+---------------------+---------+-------+---------+--------+-----+
|Available            |     2688|   5952|  1743360|  871680|  640|
+---------------------+---------+-------+---------+--------+-----+
|Utilization (%)      |       20|   ~0  |    ~0   |       1|    0|
+---------------------+---------+-------+---------+--------+-----+

+ Detail: 
    * Instance: 
    +-----------------------+---------------------+---------+-------+-------+------+-----+
    |        Instance       |        Module       | BRAM_18K| DSP48E|   FF  |  LUT | URAM|
    +-----------------------+---------------------+---------+-------+-------+------+-----+
    |K_ntt_control_s_axi_U  |K_ntt_control_s_axi  |        0|      0|    252|   424|    0|
    |K_ntt_gmem_m_axi_U     |K_ntt_gmem_m_axi     |        2|      0|    512|   580|    0|
    |grp_NTT_fu_1250        |NTT                  |      444|     25|  10910|  7639|    0|
    +-----------------------+---------------------+---------+-------+-------+------+-----+
    |Total                  |                     |      446|     25|  11674|  8643|    0|
    +-----------------------+---------------------+---------+-------+-------+------+-----+

    * DSP48E: 
    N/A

    * Memory: 
    +------------------+----------------------+---------+----+----+-----+-------+-----+------+-------------+
    |      Memory      |        Module        | BRAM_18K| FF | LUT| URAM| Words | Bits| Banks| W*Bits*Banks|
    +------------------+----------------------+---------+----+----+-----+-------+-----+------+-------------+
    |MOD_V_U           |K_ntt_MOD_V           |        0|  32|   8|    0|     16|   32|     1|          512|
    |Mprime_V_U        |K_ntt_Mprime_V        |        0|  32|   8|    0|     16|   32|     1|          512|
    |poly_coeff_0_V_U  |K_ntt_poly_coeff_0_V  |       57|   0|   0|    0|  16384|   64|     1|      1048576|
    |poly_coeff_1_V_U  |K_ntt_poly_coeff_0_V  |       57|   0|   0|    0|  16384|   64|     1|      1048576|
    +------------------+----------------------+---------+----+----+-----+-------+-----+------+-------------+
    |Total             |                      |      114|  64|  16|    0|  32800|  192|     4|      2098176|
    +------------------+----------------------+---------+----+----+-----+-------+-----+------+-------------+

    * FIFO: 
    N/A

    * Expression: 
    +--------------------------------------+----------+-------+---+----+------------+------------+
    |             Variable Name            | Operation| DSP48E| FF| LUT| Bitwidth P0| Bitwidth P1|
    +--------------------------------------+----------+-------+---+----+------------+------------+
    |add_ln180_11_fu_1628_p2               |     +    |      0|  0|  63|          63|          63|
    |add_ln180_12_fu_1673_p2               |     +    |      0|  0|  63|          63|          63|
    |add_ln180_1_fu_3014_p2                |     +    |      0|  0|  63|          63|          63|
    |add_ln180_2_fu_3059_p2                |     +    |      0|  0|  63|          63|          63|
    |add_ln180_4_fu_2663_p2                |     +    |      0|  0|  63|          63|          63|
    |add_ln180_5_fu_2715_p2                |     +    |      0|  0|  63|          63|          63|
    |add_ln180_6_fu_2335_p2                |     +    |      0|  0|  63|          63|          63|
    |add_ln180_7_fu_2380_p2                |     +    |      0|  0|  63|          63|          63|
    |add_ln180_8_fu_1992_p2                |     +    |      0|  0|  63|          63|          63|
    |add_ln180_9_fu_2044_p2                |     +    |      0|  0|  63|          63|          63|
    |add_ln215_1_fu_2852_p2                |     +    |      0|  0|  63|          63|          63|
    |add_ln215_2_fu_2462_p2                |     +    |      0|  0|  63|          63|          63|
    |add_ln215_3_fu_2507_p2                |     +    |      0|  0|  63|          63|          63|
    |add_ln215_4_fu_2124_p2                |     +    |      0|  0|  63|          63|          63|
    |add_ln215_5_fu_2163_p2                |     +    |      0|  0|  63|          63|          63|
    |add_ln215_6_fu_1781_p2                |     +    |      0|  0|  63|          63|          63|
    |add_ln215_7_fu_1826_p2                |     +    |      0|  0|  63|          63|          63|
    |add_ln215_8_fu_1435_p2                |     +    |      0|  0|  64|          64|          64|
    |add_ln215_9_fu_1470_p2                |     +    |      0|  0|  64|          64|          64|
    |add_ln215_fu_2813_p2                  |     +    |      0|  0|  63|          63|          63|
    |add_ln887_1_fu_2406_p2                |     +    |      0|  0|  15|          15|           1|
    |add_ln887_2_fu_2936_p2                |     +    |      0|  0|  15|          15|           1|
    |add_ln887_3_fu_2070_p2                |     +    |      0|  0|  16|          16|           1|
    |add_ln887_4_fu_2591_p2                |     +    |      0|  0|  15|          15|           1|
    |add_ln887_5_fu_1721_p2                |     +    |      0|  0|  16|          16|           1|
    |add_ln887_6_fu_1382_p2                |     +    |      0|  0|  15|          15|           1|
    |add_ln887_7_fu_2253_p2                |     +    |      0|  0|  16|          16|           1|
    |add_ln887_8_fu_1916_p2                |     +    |      0|  0|  16|          16|           1|
    |add_ln887_9_fu_1550_p2                |     +    |      0|  0|  15|          15|           1|
    |add_ln887_fu_2763_p2                  |     +    |      0|  0|  15|          15|           1|
    |grp_fu_1305_p2                        |     +    |      0|  0|  63|          63|          16|
    |i_V_10_fu_1512_p2                     |     +    |      0|  0|   4|           3|           1|
    |i_V_11_fu_1481_p2                     |     +    |      0|  0|  13|          13|           1|
    |i_V_12_fu_3095_p2                     |     +    |      0|  0|  17|          17|           1|
    |i_V_13_fu_2395_p2                     |     +    |      0|  0|  13|           1|          13|
    |i_V_14_fu_2751_p2                     |     +    |      0|  0|  17|          17|           1|
    |i_V_15_fu_2059_p2                     |     +    |      0|  0|  13|           1|          13|
    |i_V_16_fu_1688_p2                     |     +    |      0|  0|  13|           1|          13|
    |i_V_17_fu_1709_p2                     |     +    |      0|  0|  17|          17|           1|
    |i_V_1_fu_2867_p2                      |     +    |      0|  0|  13|          13|           1|
    |i_V_2_fu_2553_p2                      |     +    |      0|  0|   4|           3|           1|
    |i_V_3_fu_2522_p2                      |     +    |      0|  0|  13|          13|           1|
    |i_V_4_fu_3074_p2                      |     +    |      0|  0|  13|           1|          13|
    |i_V_5_fu_2209_p2                      |     +    |      0|  0|   6|           4|           1|
    |i_V_6_fu_2178_p2                      |     +    |      0|  0|  13|          13|           1|
    |i_V_7_fu_2730_p2                      |     +    |      0|  0|  13|           1|          13|
    |i_V_8_fu_1872_p2                      |     +    |      0|  0|   6|           4|           1|
    |i_V_9_fu_1841_p2                      |     +    |      0|  0|  13|          13|           1|
    |i_V_fu_2898_p2                        |     +    |      0|  0|   4|           3|           1|
    |r_V_12_fu_1727_p2                     |     +    |      0|  0|   6|           1|           4|
    |r_V_13_fu_1388_p2                     |     +    |      0|  0|   4|           1|           3|
    |r_V_14_fu_2942_p2                     |     +    |      0|  0|   4|           1|           3|
    |r_V_16_fu_2597_p2                     |     +    |      0|  0|   4|           1|           3|
    |r_V_18_fu_2259_p2                     |     +    |      0|  0|   6|           1|           4|
    |r_V_21_fu_1922_p2                     |     +    |      0|  0|   6|           1|           4|
    |r_V_22_fu_1556_p2                     |     +    |      0|  0|   4|           1|           3|
    |r_V_6_fu_2412_p2                      |     +    |      0|  0|   4|           1|           3|
    |r_V_8_fu_2076_p2                      |     +    |      0|  0|   6|           1|           4|
    |r_V_fu_2769_p2                        |     +    |      0|  0|   4|           1|           3|
    |ret_V_35_fu_2240_p2                   |     +    |      0|  0|   6|           4|           2|
    |ret_V_40_fu_1903_p2                   |     +    |      0|  0|   6|           4|           2|
    |ap_block_pp11_stage0_01001            |    and   |      0|  0|   2|           1|           1|
    |ap_block_pp11_stage1_01001            |    and   |      0|  0|   2|           1|           1|
    |ap_block_pp12_stage0_11001            |    and   |      0|  0|   2|           1|           1|
    |ap_block_pp1_stage0_01001             |    and   |      0|  0|   2|           1|           1|
    |ap_block_pp1_stage1_01001             |    and   |      0|  0|   2|           1|           1|
    |ap_block_pp2_stage0_11001             |    and   |      0|  0|   2|           1|           1|
    |ap_block_pp4_stage0_01001             |    and   |      0|  0|   2|           1|           1|
    |ap_block_pp4_stage1_01001             |    and   |      0|  0|   2|           1|           1|
    |ap_block_pp6_stage0_01001             |    and   |      0|  0|   2|           1|           1|
    |ap_block_pp6_stage1_01001             |    and   |      0|  0|   2|           1|           1|
    |ap_block_pp8_stage0_01001             |    and   |      0|  0|   2|           1|           1|
    |ap_block_pp8_stage1_01001             |    and   |      0|  0|   2|           1|           1|
    |ap_block_pp9_stage0_11001             |    and   |      0|  0|   2|           1|           1|
    |ap_block_state105_io                  |    and   |      0|  0|   2|           1|           1|
    |ap_block_state107_io                  |    and   |      0|  0|   2|           1|           1|
    |ap_block_state10_pp0_stage0_iter4     |    and   |      0|  0|   2|           1|           1|
    |ap_block_state111_pp8_stage1_iter3    |    and   |      0|  0|   2|           1|           1|
    |ap_block_state116_io                  |    and   |      0|  0|   2|           1|           1|
    |ap_block_state11_pp0_stage1_iter4     |    and   |      0|  0|   2|           1|           1|
    |ap_block_state122_io                  |    and   |      0|  0|   2|           1|           1|
    |ap_block_state129_pp10_stage0_iter4   |    and   |      0|  0|   2|           1|           1|
    |ap_block_state130_pp10_stage1_iter4   |    and   |      0|  0|   2|           1|           1|
    |ap_block_state138_io                  |    and   |      0|  0|   2|           1|           1|
    |ap_block_state140_io                  |    and   |      0|  0|   2|           1|           1|
    |ap_block_state144_pp11_stage1_iter3   |    and   |      0|  0|   2|           1|           1|
    |ap_block_state149_io                  |    and   |      0|  0|   2|           1|           1|
    |ap_block_state19_io                   |    and   |      0|  0|   2|           1|           1|
    |ap_block_state21_io                   |    and   |      0|  0|   2|           1|           1|
    |ap_block_state25_pp1_stage1_iter3     |    and   |      0|  0|   2|           1|           1|
    |ap_block_state30_io                   |    and   |      0|  0|   2|           1|           1|
    |ap_block_state37_io                   |    and   |      0|  0|   2|           1|           1|
    |ap_block_state3_io                    |    and   |      0|  0|   2|           1|           1|
    |ap_block_state44_pp3_stage0_iter4     |    and   |      0|  0|   2|           1|           1|
    |ap_block_state45_pp3_stage1_iter4     |    and   |      0|  0|   2|           1|           1|
    |ap_block_state53_io                   |    and   |      0|  0|   2|           1|           1|
    |ap_block_state55_io                   |    and   |      0|  0|   2|           1|           1|
    |ap_block_state59_pp4_stage1_iter3     |    and   |      0|  0|   2|           1|           1|
    |ap_block_state63_io                   |    and   |      0|  0|   2|           1|           1|
    |ap_block_state70_pp5_stage0_iter4     |    and   |      0|  0|   2|           1|           1|
    |ap_block_state71_pp5_stage1_iter4     |    and   |      0|  0|   2|           1|           1|
    |ap_block_state79_io                   |    and   |      0|  0|   2|           1|           1|
    |ap_block_state81_io                   |    and   |      0|  0|   2|           1|           1|
    |ap_block_state85_pp6_stage1_iter3     |    and   |      0|  0|   2|           1|           1|
    |ap_block_state89_io                   |    and   |      0|  0|   2|           1|           1|
    |ap_block_state96_pp7_stage0_iter4     |    and   |      0|  0|   2|           1|           1|
    |ap_block_state97_pp7_stage1_iter4     |    and   |      0|  0|   2|           1|           1|
    |ap_ext_blocking_cur_n                 |    and   |      0|  0|   2|           1|           1|
    |ap_ext_blocking_n                     |    and   |      0|  0|   2|           1|           1|
    |ap_int_blocking_n                     |    and   |      0|  0|   2|           1|           2|
    |ap_predicate_op340_writeresp_state35  |    and   |      0|  0|   2|           1|           1|
    |ap_predicate_op344_writeresp_state35  |    and   |      0|  0|   2|           1|           1|
    |ap_str_blocking_n                     |    and   |      0|  0|   2|           1|           2|
    |icmp_ln274_fu_1352_p2                 |   icmp   |      0|  0|  20|          32|           1|
    |icmp_ln291_fu_3089_p2                 |   icmp   |      0|  0|  20|          17|          18|
    |icmp_ln295_fu_1358_p2                 |   icmp   |      0|  0|  20|          32|           1|
    |icmp_ln312_fu_2745_p2                 |   icmp   |      0|  0|  20|          17|          18|
    |icmp_ln316_fu_1364_p2                 |   icmp   |      0|  0|  20|          32|           2|
    |icmp_ln333_fu_1370_p2                 |   icmp   |      0|  0|  20|          32|           2|
    |icmp_ln367_fu_1703_p2                 |   icmp   |      0|  0|  20|          17|          18|
    |icmp_ln88731_fu_2775_p2               |   icmp   |      0|  0|  13|          13|          14|
    |icmp_ln887_10_fu_1376_p2              |   icmp   |      0|  0|  13|          15|          14|
    |icmp_ln887_11_fu_2203_p2              |   icmp   |      0|  0|  11|           4|           5|
    |icmp_ln887_12_fu_2930_p2              |   icmp   |      0|  0|  13|          15|          14|
    |icmp_ln887_13_fu_1733_p2              |   icmp   |      0|  0|  13|          13|          14|
    |icmp_ln887_14_fu_1394_p2              |   icmp   |      0|  0|  13|          13|          14|
    |icmp_ln887_15_fu_2948_p2              |   icmp   |      0|  0|  13|          13|          14|
    |icmp_ln887_16_fu_2585_p2              |   icmp   |      0|  0|  13|          15|          14|
    |icmp_ln887_17_fu_1866_p2              |   icmp   |      0|  0|  11|           4|           5|
    |icmp_ln887_18_fu_1506_p2              |   icmp   |      0|  0|   9|           3|           2|
    |icmp_ln887_19_fu_2603_p2              |   icmp   |      0|  0|  13|          13|          14|
    |icmp_ln887_20_fu_2247_p2              |   icmp   |      0|  0|  20|          16|          17|
    |icmp_ln887_21_fu_2265_p2              |   icmp   |      0|  0|  13|          13|          14|
    |icmp_ln887_22_fu_1910_p2              |   icmp   |      0|  0|  20|          16|          17|
    |icmp_ln887_23_fu_1544_p2              |   icmp   |      0|  0|  13|          15|          14|
    |icmp_ln887_24_fu_1928_p2              |   icmp   |      0|  0|  13|          13|          14|
    |icmp_ln887_25_fu_1562_p2              |   icmp   |      0|  0|  13|          13|          14|
    |icmp_ln887_3_fu_2892_p2               |   icmp   |      0|  0|   9|           3|           2|
    |icmp_ln887_4_fu_2400_p2               |   icmp   |      0|  0|  13|          15|          14|
    |icmp_ln887_5_fu_2418_p2               |   icmp   |      0|  0|  13|          13|          14|
    |icmp_ln887_6_fu_2064_p2               |   icmp   |      0|  0|  20|          16|          17|
    |icmp_ln887_7_fu_2547_p2               |   icmp   |      0|  0|   9|           3|           2|
    |icmp_ln887_8_fu_2082_p2               |   icmp   |      0|  0|  13|          13|          14|
    |icmp_ln887_9_fu_1715_p2               |   icmp   |      0|  0|  20|          16|          17|
    |icmp_ln887_fu_2757_p2                 |   icmp   |      0|  0|  13|          15|          14|
    |ap_block_pp0_stage0_11001             |    or    |      0|  0|   2|           1|           1|
    |ap_block_pp0_stage1_11001             |    or    |      0|  0|   2|           1|           1|
    |ap_block_pp10_stage0_11001            |    or    |      0|  0|   2|           1|           1|
    |ap_block_pp10_stage1_11001            |    or    |      0|  0|   2|           1|           1|
    |ap_block_pp11_stage0_11001            |    or    |      0|  0|   2|           1|           1|
    |ap_block_pp11_stage1_11001            |    or    |      0|  0|   2|           1|           1|
    |ap_block_pp1_stage0_11001             |    or    |      0|  0|   2|           1|           1|
    |ap_block_pp1_stage1_11001             |    or    |      0|  0|   2|           1|           1|
    |ap_block_pp3_stage0_11001             |    or    |      0|  0|   2|           1|           1|
    |ap_block_pp3_stage1_11001             |    or    |      0|  0|   2|           1|           1|
    |ap_block_pp4_stage0_11001             |    or    |      0|  0|   2|           1|           1|
    |ap_block_pp4_stage1_11001             |    or    |      0|  0|   2|           1|           1|
    |ap_block_pp5_stage0_11001             |    or    |      0|  0|   2|           1|           1|
    |ap_block_pp5_stage1_11001             |    or    |      0|  0|   2|           1|           1|
    |ap_block_pp6_stage0_11001             |    or    |      0|  0|   2|           1|           1|
    |ap_block_pp6_stage1_11001             |    or    |      0|  0|   2|           1|           1|
    |ap_block_pp7_stage0_11001             |    or    |      0|  0|   2|           1|           1|
    |ap_block_pp7_stage1_11001             |    or    |      0|  0|   2|           1|           1|
    |ap_block_pp8_stage0_11001             |    or    |      0|  0|   2|           1|           1|
    |ap_block_pp8_stage1_11001             |    or    |      0|  0|   2|           1|           1|
    |ap_block_state106_io                  |    or    |      0|  0|   2|           1|           1|
    |ap_block_state139_io                  |    or    |      0|  0|   2|           1|           1|
    |ap_block_state20_io                   |    or    |      0|  0|   2|           1|           1|
    |ap_block_state35                      |    or    |      0|  0|   2|           1|           1|
    |ap_block_state54_io                   |    or    |      0|  0|   2|           1|           1|
    |ap_block_state80_io                   |    or    |      0|  0|   2|           1|           1|
    |or_ln1353_1_fu_1809_p2                |    or    |      0|  0|  13|          13|           1|
    |or_ln1353_fu_2490_p2                  |    or    |      0|  0|  13|          13|           1|
    |ret_V_33_fu_3040_p2                   |    or    |      0|  0|  16|          16|           1|
    |ret_V_42_fu_2361_p2                   |    or    |      0|  0|  16|          16|           1|
    |ret_V_47_fu_1654_p2                   |    or    |      0|  0|  16|          16|           1|
    |p_Val2_2_fu_2678_p3                   |  select  |      0|  0|  63|           1|          64|
    |p_Val2_3_fu_2350_p3                   |  select  |      0|  0|  63|           1|          64|
    |p_Val2_4_fu_2007_p3                   |  select  |      0|  0|  63|           1|          64|
    |p_Val2_5_fu_1643_p3                   |  select  |      0|  0|  63|           1|          64|
    |p_Val2_s_fu_3029_p3                   |  select  |      0|  0|  63|           1|          64|
    |select_ln544_10_fu_2954_p3            |  select  |      0|  0|  13|           1|           1|
    |select_ln544_11_fu_2962_p3            |  select  |      0|  0|   3|           1|           3|
    |select_ln544_12_fu_2609_p3            |  select  |      0|  0|  13|           1|           1|
    |select_ln544_13_fu_2617_p3            |  select  |      0|  0|   3|           1|           3|
    |select_ln544_14_fu_2271_p3            |  select  |      0|  0|  13|           1|           1|
    |select_ln544_15_fu_2279_p3            |  select  |      0|  0|   4|           1|           4|
    |select_ln544_16_fu_1934_p3            |  select  |      0|  0|  13|           1|           1|
    |select_ln544_17_fu_1942_p3            |  select  |      0|  0|   4|           1|           4|
    |select_ln544_18_fu_1568_p3            |  select  |      0|  0|  13|           1|           1|
    |select_ln544_19_fu_1576_p3            |  select  |      0|  0|   3|           1|           3|
    |select_ln544_1_fu_2789_p3             |  select  |      0|  0|   3|           1|           3|
    |select_ln544_2_fu_2424_p3             |  select  |      0|  0|  13|           1|           1|
    |select_ln544_3_fu_2432_p3             |  select  |      0|  0|   3|           1|           3|
    |select_ln544_4_fu_2088_p3             |  select  |      0|  0|  13|           1|           1|
    |select_ln544_5_fu_2096_p3             |  select  |      0|  0|   4|           1|           4|
    |select_ln544_6_fu_1739_p3             |  select  |      0|  0|  13|           1|           1|
    |select_ln544_7_fu_1747_p3             |  select  |      0|  0|   4|           1|           4|
    |select_ln544_8_fu_1400_p3             |  select  |      0|  0|  13|           1|           1|
    |select_ln544_9_fu_1408_p3             |  select  |      0|  0|   3|           1|           3|
    |select_ln544_fu_2781_p3               |  select  |      0|  0|  13|           1|           1|
    |ap_enable_pp0                         |    xor   |      0|  0|   2|           1|           2|
    |ap_enable_pp1                         |    xor   |      0|  0|   2|           1|           2|
    |ap_enable_pp10                        |    xor   |      0|  0|   2|           1|           2|
    |ap_enable_pp11                        |    xor   |      0|  0|   2|           1|           2|
    |ap_enable_pp12                        |    xor   |      0|  0|   2|           1|           2|
    |ap_enable_pp2                         |    xor   |      0|  0|   2|           1|           2|
    |ap_enable_pp3                         |    xor   |      0|  0|   2|           1|           2|
    |ap_enable_pp4                         |    xor   |      0|  0|   2|           1|           2|
    |ap_enable_pp5                         |    xor   |      0|  0|   2|           1|           2|
    |ap_enable_pp6                         |    xor   |      0|  0|   2|           1|           2|
    |ap_enable_pp7                         |    xor   |      0|  0|   2|           1|           2|
    |ap_enable_pp8                         |    xor   |      0|  0|   2|           1|           2|
    |ap_enable_pp9                         |    xor   |      0|  0|   2|           1|           2|
    |ap_enable_reg_pp12_iter1              |    xor   |      0|  0|   2|           2|           1|
    |ap_enable_reg_pp2_iter1               |    xor   |      0|  0|   2|           2|           1|
    |ap_enable_reg_pp9_iter1               |    xor   |      0|  0|   2|           2|           1|
    |ret_V_15_fu_2836_p2                   |    xor   |      0|  0|  14|          13|          14|
    |ret_V_23_fu_2147_p2                   |    xor   |      0|  0|  14|          13|          14|
    |ret_V_31_fu_1454_p2                   |    xor   |      0|  0|  14|          13|          14|
    |ret_V_34_fu_2215_p2                   |    xor   |      0|  0|   5|           4|           5|
    |ret_V_37_fu_2689_p2                   |    xor   |      0|  0|  14|          13|          14|
    |ret_V_39_fu_1878_p2                   |    xor   |      0|  0|   5|           4|           5|
    |ret_V_44_fu_2018_p2                   |    xor   |      0|  0|  14|          13|          14|
    +--------------------------------------+----------+-------+---+----+------------+------------+
    |Total                                 |          |      0|  0|3042|        2384|        2330|
    +--------------------------------------+----------+-------+---+----+------------+------------+

    * Multiplexer: 
    +--------------------------------------------+-----+-----------+-----+-----------+
    |                    Name                    | LUT | Input Size| Bits| Total Bits|
    +--------------------------------------------+-----+-----------+-----+-----------+
    |MOD_V_address0                              |   33|          6|    4|         24|
    |Mprime_V_address0                           |   33|          6|    4|         24|
    |ap_NS_fsm                                   |  317|         71|    1|         71|
    |ap_enable_reg_pp0_iter5                     |    9|          2|    1|          2|
    |ap_enable_reg_pp10_iter5                    |    9|          2|    1|          2|
    |ap_enable_reg_pp11_iter4                    |    9|          2|    1|          2|
    |ap_enable_reg_pp12_iter1                    |   15|          3|    1|          3|
    |ap_enable_reg_pp1_iter4                     |    9|          2|    1|          2|
    |ap_enable_reg_pp2_iter1                     |   15|          3|    1|          3|
    |ap_enable_reg_pp3_iter5                     |    9|          2|    1|          2|
    |ap_enable_reg_pp4_iter4                     |    9|          2|    1|          2|
    |ap_enable_reg_pp5_iter5                     |    9|          2|    1|          2|
    |ap_enable_reg_pp6_iter4                     |    9|          2|    1|          2|
    |ap_enable_reg_pp7_iter5                     |    9|          2|    1|          2|
    |ap_enable_reg_pp8_iter4                     |    9|          2|    1|          2|
    |ap_enable_reg_pp9_iter1                     |   15|          3|    1|          3|
    |ap_phi_mux_indvar_flatten13_phi_fu_1076_p4  |    9|          2|   15|         30|
    |ap_phi_mux_indvar_flatten20_phi_fu_1121_p4  |    9|          2|   15|         30|
    |ap_phi_mux_indvar_flatten27_phi_fu_998_p4   |    9|          2|   16|         32|
    |ap_phi_mux_indvar_flatten34_phi_fu_1043_p4  |    9|          2|   16|         32|
    |ap_phi_mux_indvar_flatten41_phi_fu_920_p4   |    9|          2|   16|         32|
    |ap_phi_mux_indvar_flatten48_phi_fu_965_p4   |    9|          2|   16|         32|
    |ap_phi_mux_indvar_flatten55_phi_fu_831_p4   |    9|          2|   15|         30|
    |ap_phi_mux_indvar_flatten62_phi_fu_876_p4   |    9|          2|   15|         30|
    |ap_phi_mux_indvar_flatten6_phi_fu_1210_p4   |    9|          2|   15|         30|
    |ap_phi_mux_indvar_flatten_phi_fu_1165_p4    |    9|          2|   15|         30|
    |ap_phi_mux_t_V_10_phi_fu_1098_p4            |    9|          2|   13|         26|
    |ap_phi_mux_t_V_11_phi_fu_1009_p4            |    9|          2|    4|          8|
    |ap_phi_mux_t_V_13_phi_fu_1020_p4            |    9|          2|   13|         26|
    |ap_phi_mux_t_V_14_phi_fu_1132_p4            |    9|          2|    3|          6|
    |ap_phi_mux_t_V_15_phi_fu_931_p4             |    9|          2|    4|          8|
    |ap_phi_mux_t_V_16_phi_fu_942_p4             |    9|          2|   13|         26|
    |ap_phi_mux_t_V_18_phi_fu_842_p4             |    9|          2|    3|          6|
    |ap_phi_mux_t_V_19_phi_fu_853_p4             |    9|          2|   13|         26|
    |ap_phi_mux_t_V_20_phi_fu_1232_p4            |    9|          2|   13|         26|
    |ap_phi_mux_t_V_21_phi_fu_1054_p4            |    9|          2|    4|          8|
    |ap_phi_mux_t_V_22_phi_fu_1143_p4            |    9|          2|   13|         26|
    |ap_phi_mux_t_V_23_phi_fu_976_p4             |    9|          2|    4|          8|
    |ap_phi_mux_t_V_25_phi_fu_1065_p4            |    9|          2|   13|         26|
    |ap_phi_mux_t_V_26_phi_fu_887_p4             |    9|          2|    3|          6|
    |ap_phi_mux_t_V_27_phi_fu_987_p4             |    9|          2|   13|         26|
    |ap_phi_mux_t_V_28_phi_fu_898_p4             |    9|          2|   13|         26|
    |ap_phi_mux_t_V_2_phi_fu_1176_p4             |    9|          2|    3|          6|
    |ap_phi_mux_t_V_5_phi_fu_1087_p4             |    9|          2|    3|          6|
    |ap_phi_mux_t_V_7_phi_fu_1187_p4             |    9|          2|   13|         26|
    |ap_phi_mux_t_V_8_phi_fu_1221_p4             |    9|          2|    3|          6|
    |gmem_ARADDR                                 |   50|         11|   64|        704|
    |gmem_AWADDR                                 |   59|         14|   64|        896|
    |gmem_AWLEN                                  |   15|          3|   32|         96|
    |gmem_WDATA                                  |   53|         12|   32|        384|
    |gmem_blk_n_AR                               |    9|          2|    1|          2|
    |gmem_blk_n_AW                               |    9|          2|    1|          2|
    |gmem_blk_n_B                                |    9|          2|    1|          2|
    |gmem_blk_n_R                                |    9|          2|    1|          2|
    |gmem_blk_n_W                                |    9|          2|    1|          2|
    |grp_NTT_fu_1250_f_table_offset              |   33|          6|    4|         24|
    |grp_NTT_fu_1250_i_table_offset              |   33|          6|    4|         24|
    |grp_NTT_fu_1250_poly_coeff_V_offset         |   33|          6|    4|         24|
    |indvar_flatten13_reg_1072                   |    9|          2|   15|         30|
    |indvar_flatten20_reg_1117                   |    9|          2|   15|         30|
    |indvar_flatten27_reg_994                    |    9|          2|   16|         32|
    |indvar_flatten34_reg_1039                   |    9|          2|   16|         32|
    |indvar_flatten41_reg_916                    |    9|          2|   16|         32|
    |indvar_flatten48_reg_961                    |    9|          2|   16|         32|
    |indvar_flatten55_reg_827                    |    9|          2|   15|         30|
    |indvar_flatten62_reg_872                    |    9|          2|   15|         30|
    |indvar_flatten6_reg_1206                    |    9|          2|   15|         30|
    |indvar_flatten_reg_1161                     |    9|          2|   15|         30|
    |poly_coeff_0_V_address0                     |   53|         12|   14|        168|
    |poly_coeff_0_V_ce0                          |   15|          3|    1|          3|
    |poly_coeff_0_V_ce1                          |    9|          2|    1|          2|
    |poly_coeff_0_V_d0                           |   38|          7|   64|        448|
    |poly_coeff_0_V_we0                          |   15|          3|    1|          3|
    |poly_coeff_0_V_we1                          |    9|          2|    1|          2|
    |poly_coeff_1_V_address0                     |   53|         12|   14|        168|
    |poly_coeff_1_V_ce0                          |   15|          3|    1|          3|
    |poly_coeff_1_V_ce1                          |    9|          2|    1|          2|
    |poly_coeff_1_V_d0                           |   38|          7|   64|        448|
    |poly_coeff_1_V_we0                          |   15|          3|    1|          3|
    |poly_coeff_1_V_we1                          |    9|          2|    1|          2|
    |t_V_10_reg_1094                             |    9|          2|   13|         26|
    |t_V_11_reg_1005                             |    9|          2|    4|          8|
    |t_V_12_reg_949                              |    9|          2|    4|          8|
    |t_V_13_reg_1016                             |    9|          2|   13|         26|
    |t_V_14_reg_1128                             |    9|          2|    3|          6|
    |t_V_15_reg_927                              |    9|          2|    4|          8|
    |t_V_16_reg_938                              |    9|          2|   13|         26|
    |t_V_17_reg_860                              |    9|          2|    3|          6|
    |t_V_18_reg_838                              |    9|          2|    3|          6|
    |t_V_19_reg_849                              |    9|          2|   13|         26|
    |t_V_20_reg_1228                             |    9|          2|   13|         26|
    |t_V_21_reg_1050                             |    9|          2|    4|          8|
    |t_V_22_reg_1139                             |    9|          2|   13|         26|
    |t_V_23_reg_972                              |    9|          2|    4|          8|
    |t_V_24_reg_905                              |    9|          2|   17|         34|
    |t_V_25_reg_1061                             |    9|          2|   13|         26|
    |t_V_26_reg_883                              |    9|          2|    3|          6|
    |t_V_27_reg_983                              |    9|          2|   13|         26|
    |t_V_28_reg_894                              |    9|          2|   13|         26|
    |t_V_2_reg_1172                              |    9|          2|    3|          6|
    |t_V_3_reg_1105                              |    9|          2|    3|          6|
    |t_V_4_reg_1239                              |    9|          2|   17|         34|
    |t_V_5_reg_1083                              |    9|          2|    3|          6|
    |t_V_6_reg_1027                              |    9|          2|    4|          8|
    |t_V_7_reg_1183                              |    9|          2|   13|         26|
    |t_V_8_reg_1217                              |    9|          2|    3|          6|
    |t_V_9_reg_1150                              |    9|          2|   17|         34|
    |t_V_reg_1194                                |    9|          2|    3|          6|
    +--------------------------------------------+-----+-----------+-----+-----------+
    |Total                                       | 1729|        374| 1099|       4970|
    +--------------------------------------------+-----+-----------+-----+-----------+

    * Register: 
    +------------------------------+----+----+-----+-----------+
    |             Name             | FF | LUT| Bits| Const Bits|
    +------------------------------+----+----+-----+-----------+
    |add_ln887_1_reg_3645          |  15|   0|   15|          0|
    |add_ln887_2_reg_3891          |  15|   0|   15|          0|
    |add_ln887_3_reg_3487          |  16|   0|   16|          0|
    |add_ln887_4_reg_3729          |  15|   0|   15|          0|
    |add_ln887_5_reg_3328          |  16|   0|   16|          0|
    |add_ln887_6_reg_3159          |  15|   0|   15|          0|
    |add_ln887_7_reg_3579          |  16|   0|   16|          0|
    |add_ln887_8_reg_3420          |  16|   0|   16|          0|
    |add_ln887_9_reg_3247          |  15|   0|   15|          0|
    |add_ln887_reg_3807            |  15|   0|   15|          0|
    |ap_CS_fsm                     |  70|   0|   70|          0|
    |ap_enable_reg_pp0_iter0       |   1|   0|    1|          0|
    |ap_enable_reg_pp0_iter1       |   1|   0|    1|          0|
    |ap_enable_reg_pp0_iter2       |   1|   0|    1|          0|
    |ap_enable_reg_pp0_iter3       |   1|   0|    1|          0|
    |ap_enable_reg_pp0_iter4       |   1|   0|    1|          0|
    |ap_enable_reg_pp0_iter5       |   1|   0|    1|          0|
    |ap_enable_reg_pp10_iter0      |   1|   0|    1|          0|
    |ap_enable_reg_pp10_iter1      |   1|   0|    1|          0|
    |ap_enable_reg_pp10_iter2      |   1|   0|    1|          0|
    |ap_enable_reg_pp10_iter3      |   1|   0|    1|          0|
    |ap_enable_reg_pp10_iter4      |   1|   0|    1|          0|
    |ap_enable_reg_pp10_iter5      |   1|   0|    1|          0|
    |ap_enable_reg_pp11_iter0      |   1|   0|    1|          0|
    |ap_enable_reg_pp11_iter1      |   1|   0|    1|          0|
    |ap_enable_reg_pp11_iter2      |   1|   0|    1|          0|
    |ap_enable_reg_pp11_iter3      |   1|   0|    1|          0|
    |ap_enable_reg_pp11_iter4      |   1|   0|    1|          0|
    |ap_enable_reg_pp12_iter0      |   1|   0|    1|          0|
    |ap_enable_reg_pp12_iter1      |   1|   0|    1|          0|
    |ap_enable_reg_pp1_iter0       |   1|   0|    1|          0|
    |ap_enable_reg_pp1_iter1       |   1|   0|    1|          0|
    |ap_enable_reg_pp1_iter2       |   1|   0|    1|          0|
    |ap_enable_reg_pp1_iter3       |   1|   0|    1|          0|
    |ap_enable_reg_pp1_iter4       |   1|   0|    1|          0|
    |ap_enable_reg_pp2_iter0       |   1|   0|    1|          0|
    |ap_enable_reg_pp2_iter1       |   1|   0|    1|          0|
    |ap_enable_reg_pp3_iter0       |   1|   0|    1|          0|
    |ap_enable_reg_pp3_iter1       |   1|   0|    1|          0|
    |ap_enable_reg_pp3_iter2       |   1|   0|    1|          0|
    |ap_enable_reg_pp3_iter3       |   1|   0|    1|          0|
    |ap_enable_reg_pp3_iter4       |   1|   0|    1|          0|
    |ap_enable_reg_pp3_iter5       |   1|   0|    1|          0|
    |ap_enable_reg_pp4_iter0       |   1|   0|    1|          0|
    |ap_enable_reg_pp4_iter1       |   1|   0|    1|          0|
    |ap_enable_reg_pp4_iter2       |   1|   0|    1|          0|
    |ap_enable_reg_pp4_iter3       |   1|   0|    1|          0|
    |ap_enable_reg_pp4_iter4       |   1|   0|    1|          0|
    |ap_enable_reg_pp5_iter0       |   1|   0|    1|          0|
    |ap_enable_reg_pp5_iter1       |   1|   0|    1|          0|
    |ap_enable_reg_pp5_iter2       |   1|   0|    1|          0|
    |ap_enable_reg_pp5_iter3       |   1|   0|    1|          0|
    |ap_enable_reg_pp5_iter4       |   1|   0|    1|          0|
    |ap_enable_reg_pp5_iter5       |   1|   0|    1|          0|
    |ap_enable_reg_pp6_iter0       |   1|   0|    1|          0|
    |ap_enable_reg_pp6_iter1       |   1|   0|    1|          0|
    |ap_enable_reg_pp6_iter2       |   1|   0|    1|          0|
    |ap_enable_reg_pp6_iter3       |   1|   0|    1|          0|
    |ap_enable_reg_pp6_iter4       |   1|   0|    1|          0|
    |ap_enable_reg_pp7_iter0       |   1|   0|    1|          0|
    |ap_enable_reg_pp7_iter1       |   1|   0|    1|          0|
    |ap_enable_reg_pp7_iter2       |   1|   0|    1|          0|
    |ap_enable_reg_pp7_iter3       |   1|   0|    1|          0|
    |ap_enable_reg_pp7_iter4       |   1|   0|    1|          0|
    |ap_enable_reg_pp7_iter5       |   1|   0|    1|          0|
    |ap_enable_reg_pp8_iter0       |   1|   0|    1|          0|
    |ap_enable_reg_pp8_iter1       |   1|   0|    1|          0|
    |ap_enable_reg_pp8_iter2       |   1|   0|    1|          0|
    |ap_enable_reg_pp8_iter3       |   1|   0|    1|          0|
    |ap_enable_reg_pp8_iter4       |   1|   0|    1|          0|
    |ap_enable_reg_pp9_iter0       |   1|   0|    1|          0|
    |ap_enable_reg_pp9_iter1       |   1|   0|    1|          0|
    |ap_ext_blocking_n_reg         |   1|   0|    1|          0|
    |ap_int_blocking_n_reg         |   1|   0|    1|          0|
    |ap_rst_n_inv                  |   1|   0|    1|          0|
    |ap_rst_reg_1                  |   1|   0|    1|          0|
    |ap_rst_reg_2                  |   1|   0|    1|          0|
    |ap_str_blocking_n_reg         |   1|   0|    1|          0|
    |empty_reg_3121                |  62|   0|   64|          2|
    |gmem_addr_10_reg_3953         |  63|   0|   64|          1|
    |gmem_addr_11_reg_3926         |  63|   0|   64|          1|
    |gmem_addr_12_reg_3942         |  63|   0|   64|          1|
    |gmem_addr_13_reg_3788         |  63|   0|   64|          1|
    |gmem_addr_14_reg_3761         |  63|   0|   64|          1|
    |gmem_addr_15_reg_3777         |  63|   0|   64|          1|
    |gmem_addr_16_reg_3614         |  63|   0|   64|          1|
    |gmem_addr_17_reg_3630         |  63|   0|   64|          1|
    |gmem_addr_18_reg_3456         |  63|   0|   64|          1|
    |gmem_addr_19_reg_3472         |  63|   0|   64|          1|
    |gmem_addr_1_reg_3840          |  63|   0|   64|          1|
    |gmem_addr_20_reg_3309         |  63|   0|   64|          1|
    |gmem_addr_21_reg_3282         |  63|   0|   64|          1|
    |gmem_addr_22_reg_3298         |  63|   0|   64|          1|
    |gmem_addr_2_reg_3668          |  63|   0|   64|          1|
    |gmem_addr_3_reg_3678          |  63|   0|   64|          1|
    |gmem_addr_4_reg_3514          |  63|   0|   64|          1|
    |gmem_addr_5_reg_3524          |  63|   0|   64|          1|
    |gmem_addr_6_reg_3355          |  63|   0|   64|          1|
    |gmem_addr_7_reg_3365          |  63|   0|   64|          1|
    |gmem_addr_8_reg_3186          |  64|   0|   64|          0|
    |gmem_addr_9_reg_3196          |  64|   0|   64|          0|
    |gmem_addr_reg_3830            |  63|   0|   64|          1|
    |grp_NTT_fu_1250_ap_start_reg  |   1|   0|    1|          0|
    |i_V_10_reg_3221               |   3|   0|    3|          0|
    |i_V_11_reg_3202               |  13|   0|   13|          0|
    |i_V_13_reg_3636               |  13|   0|   13|          0|
    |i_V_15_reg_3478               |  13|   0|   13|          0|
    |i_V_16_reg_3304               |  13|   0|   13|          0|
    |i_V_1_reg_3846                |  13|   0|   13|          0|
    |i_V_2_reg_3703                |   3|   0|    3|          0|
    |i_V_3_reg_3684                |  13|   0|   13|          0|
    |i_V_4_reg_3948                |  13|   0|   13|          0|
    |i_V_5_reg_3549                |   4|   0|    4|          0|
    |i_V_6_reg_3530                |  13|   0|   13|          0|
    |i_V_7_reg_3783                |  13|   0|   13|          0|
    |i_V_8_reg_3390                |   4|   0|    4|          0|
    |i_V_9_reg_3371                |  13|   0|   13|          0|
    |i_V_reg_3865                  |   3|   0|    3|          0|
    |icmp_ln274_reg_3139           |   1|   0|    1|          0|
    |icmp_ln291_reg_3959           |   1|   0|    1|          0|
    |icmp_ln295_reg_3143           |   1|   0|    1|          0|
    |icmp_ln312_reg_3794           |   1|   0|    1|          0|
    |icmp_ln316_reg_3147           |   1|   0|    1|          0|
    |icmp_ln333_reg_3151           |   1|   0|    1|          0|
    |icmp_ln367_reg_3315           |   1|   0|    1|          0|
    |icmp_ln887_10_reg_3155        |   1|   0|    1|          0|
    |icmp_ln887_12_reg_3887        |   1|   0|    1|          0|
    |icmp_ln887_16_reg_3725        |   1|   0|    1|          0|
    |icmp_ln887_20_reg_3575        |   1|   0|    1|          0|
    |icmp_ln887_22_reg_3416        |   1|   0|    1|          0|
    |icmp_ln887_23_reg_3243        |   1|   0|    1|          0|
    |icmp_ln887_4_reg_3641         |   1|   0|    1|          0|
    |icmp_ln887_6_reg_3483         |   1|   0|    1|          0|
    |icmp_ln887_9_reg_3324         |   1|   0|    1|          0|
    |icmp_ln887_reg_3803           |   1|   0|    1|          0|
    |indvar_flatten13_reg_1072     |  15|   0|   15|          0|
    |indvar_flatten20_reg_1117     |  15|   0|   15|          0|
    |indvar_flatten27_reg_994      |  16|   0|   16|          0|
    |indvar_flatten34_reg_1039     |  16|   0|   16|          0|
    |indvar_flatten41_reg_916      |  16|   0|   16|          0|
    |indvar_flatten48_reg_961      |  16|   0|   16|          0|
    |indvar_flatten55_reg_827      |  15|   0|   15|          0|
    |indvar_flatten62_reg_872      |  15|   0|   15|          0|
    |indvar_flatten6_reg_1206      |  15|   0|   15|          0|
    |indvar_flatten_reg_1161       |  15|   0|   15|          0|
    |p_Result_1_reg_3937           |  32|   0|   32|          0|
    |p_Result_4_reg_3772           |  32|   0|   32|          0|
    |p_Result_6_reg_3625           |  32|   0|   32|          0|
    |p_Result_8_reg_3467           |  32|   0|   32|          0|
    |p_Result_s_103_reg_3293       |  32|   0|   32|          0|
    |p_cast50_reg_3106             |  62|   0|   63|          1|
    |p_cast_reg_3127               |  62|   0|   63|          1|
    |reg_1310                      |  32|   0|   32|          0|
    |reg_1315                      |  32|   0|   32|          0|
    |ret_V_18_reg_3663             |  11|   0|   11|          0|
    |ret_V_1_reg_3906              |  15|   0|   16|          1|
    |ret_V_22_reg_3504             |  11|   0|   11|          0|
    |ret_V_26_reg_3345             |  11|   0|   11|          0|
    |ret_V_30_reg_3176             |  11|   0|   11|          0|
    |ret_V_34_reg_3554             |   4|   0|    4|          0|
    |ret_V_35_reg_3569             |   4|   0|    4|          0|
    |ret_V_39_reg_3395             |   4|   0|    4|          0|
    |ret_V_3_reg_3594              |  15|   0|   16|          1|
    |ret_V_40_reg_3410             |   4|   0|    4|          0|
    |ret_V_5_reg_3262              |  15|   0|   16|          1|
    |ret_V_reg_3825                |  11|   0|   11|          0|
    |select_ln544_10_reg_3896      |  13|   0|   13|          0|
    |select_ln544_11_reg_3901      |   3|   0|    3|          0|
    |select_ln544_12_reg_3734      |  13|   0|   13|          0|
    |select_ln544_13_reg_3740      |   3|   0|    3|          0|
    |select_ln544_14_reg_3584      |  13|   0|   13|          0|
    |select_ln544_15_reg_3589      |   4|   0|    4|          0|
    |select_ln544_16_reg_3425      |  13|   0|   13|          0|
    |select_ln544_17_reg_3431      |   4|   0|    4|          0|
    |select_ln544_18_reg_3252      |  13|   0|   13|          0|
    |select_ln544_19_reg_3257      |   3|   0|    3|          0|
    |select_ln544_1_reg_3818       |   3|   0|    3|          0|
    |select_ln544_2_reg_3650       |  13|   0|   13|          0|
    |select_ln544_3_reg_3656       |   3|   0|    3|          0|
    |select_ln544_4_reg_3492       |  13|   0|   13|          0|
    |select_ln544_5_reg_3498       |   4|   0|    4|          0|
    |select_ln544_6_reg_3333       |  13|   0|   13|          0|
    |select_ln544_7_reg_3339       |   4|   0|    4|          0|
    |select_ln544_8_reg_3164       |  13|   0|   13|          0|
    |select_ln544_9_reg_3170       |   3|   0|    3|          0|
    |select_ln544_reg_3812         |  13|   0|   13|          0|
    |t_V_10_reg_1094               |  13|   0|   13|          0|
    |t_V_11_reg_1005               |   4|   0|    4|          0|
    |t_V_12_reg_949                |   4|   0|    4|          0|
    |t_V_13_reg_1016               |  13|   0|   13|          0|
    |t_V_14_reg_1128               |   3|   0|    3|          0|
    |t_V_15_reg_927                |   4|   0|    4|          0|
    |t_V_16_reg_938                |  13|   0|   13|          0|
    |t_V_17_reg_860                |   3|   0|    3|          0|
    |t_V_18_reg_838                |   3|   0|    3|          0|
    |t_V_19_reg_849                |  13|   0|   13|          0|
    |t_V_20_reg_1228               |  13|   0|   13|          0|
    |t_V_21_reg_1050               |   4|   0|    4|          0|
    |t_V_22_reg_1139               |  13|   0|   13|          0|
    |t_V_23_reg_972                |   4|   0|    4|          0|
    |t_V_24_reg_905                |  17|   0|   17|          0|
    |t_V_25_reg_1061               |  13|   0|   13|          0|
    |t_V_26_reg_883                |   3|   0|    3|          0|
    |t_V_27_reg_983                |  13|   0|   13|          0|
    |t_V_28_reg_894                |  13|   0|   13|          0|
    |t_V_2_reg_1172                |   3|   0|    3|          0|
    |t_V_3_reg_1105                |   3|   0|    3|          0|
    |t_V_4_reg_1239                |  17|   0|   17|          0|
    |t_V_5_reg_1083                |   3|   0|    3|          0|
    |t_V_6_reg_1027                |   4|   0|    4|          0|
    |t_V_7_reg_1183                |  13|   0|   13|          0|
    |t_V_8_reg_1217                |   3|   0|    3|          0|
    |t_V_9_reg_1150                |  17|   0|   17|          0|
    |t_V_reg_1194                  |   3|   0|    3|          0|
    |tmp_14_reg_3836               |   1|   0|    1|          0|
    |tmp_16_reg_3674               |   1|   0|    1|          0|
    |tmp_21_reg_3520               |   1|   0|    1|          0|
    |tmp_24_reg_3361               |   1|   0|    1|          0|
    |tmp_26_reg_3192               |   1|   0|    1|          0|
    |tmp_28_reg_3921               |   1|   0|    1|          0|
    |tmp_31_reg_3756               |   1|   0|    1|          0|
    |tmp_35_reg_3609               |   1|   0|    1|          0|
    |tmp_37_reg_3451               |   1|   0|    1|          0|
    |tmp_39_reg_3277               |   1|   0|    1|          0|
    |trunc_ln1353_1_reg_3350       |   3|   0|    3|          0|
    |trunc_ln1353_2_reg_3181       |  19|   0|   19|          0|
    |trunc_ln1353_4_reg_3436       |   3|   0|    3|          0|
    |trunc_ln1353_reg_3509         |   3|   0|    3|          0|
    |trunc_ln647_1_reg_3767        |  32|   0|   32|          0|
    |trunc_ln647_2_reg_3620        |  32|   0|   32|          0|
    |trunc_ln647_3_reg_3462        |  32|   0|   32|          0|
    |trunc_ln647_4_reg_3288        |  32|   0|   32|          0|
    |trunc_ln647_reg_3932          |  32|   0|   32|          0|
    |v1_V_1_reg_3694               |  32|   0|   32|          0|
    |v1_V_2_reg_3540               |  32|   0|   32|          0|
    |v1_V_3_reg_3381               |  32|   0|   32|          0|
    |v1_V_4_reg_3212               |  32|   0|   32|          0|
    |v1_V_reg_3856                 |  32|   0|   32|          0|
    |v2_V_1_reg_3689               |  32|   0|   32|          0|
    |v2_V_2_reg_3535               |  32|   0|   32|          0|
    |v2_V_3_reg_3376               |  32|   0|   32|          0|
    |v2_V_4_reg_3207               |  32|   0|   32|          0|
    |v2_V_reg_3851                 |  32|   0|   32|          0|
    |which_poly_read_reg_3101      |  32|   0|   32|          0|
    |zext_ln282_reg_3880           |   3|   0|    4|          1|
    |zext_ln303_reg_3718           |   3|   0|    4|          1|
    |zext_ln358_reg_3236           |   3|   0|    4|          1|
    |icmp_ln887_10_reg_3155        |  64|  32|    1|          0|
    |icmp_ln887_12_reg_3887        |  64|  32|    1|          0|
    |icmp_ln887_16_reg_3725        |  64|  32|    1|          0|
    |icmp_ln887_20_reg_3575        |  64|  32|    1|          0|
    |icmp_ln887_22_reg_3416        |  64|  32|    1|          0|
    |icmp_ln887_23_reg_3243        |  64|  32|    1|          0|
    |icmp_ln887_4_reg_3641         |  64|  32|    1|          0|
    |icmp_ln887_6_reg_3483         |  64|  32|    1|          0|
    |icmp_ln887_9_reg_3324         |  64|  32|    1|          0|
    |icmp_ln887_reg_3803           |  64|  32|    1|          0|
    |ret_V_18_reg_3663             |  64|  32|   11|          0|
    |ret_V_22_reg_3504             |  64|  32|   11|          0|
    |ret_V_26_reg_3345             |  64|  32|   11|          0|
    |ret_V_30_reg_3176             |  64|  32|   11|          0|
    |ret_V_reg_3825                |  64|  32|   11|          0|
    |select_ln544_1_reg_3818       |  64|  32|    3|          0|
    |select_ln544_3_reg_3656       |  64|  32|    3|          0|
    |select_ln544_5_reg_3498       |  64|  32|    4|          0|
    |select_ln544_7_reg_3339       |  64|  32|    4|          0|
    |select_ln544_9_reg_3170       |  64|  32|    3|          0|
    |tmp_14_reg_3836               |  64|  32|    1|          0|
    |tmp_16_reg_3674               |  64|  32|    1|          0|
    |tmp_21_reg_3520               |  64|  32|    1|          0|
    |tmp_24_reg_3361               |  64|  32|    1|          0|
    |tmp_26_reg_3192               |  64|  32|    1|          0|
    +------------------------------+----+----+-----+-----------+
    |Total                         |5142| 800| 3660|         31|
    +------------------------------+----+----+-----+-----------+



================================================================
== Interface
================================================================
* Summary: 
+-----------------------+-----+-----+------------+--------------+--------------+
|       RTL Ports       | Dir | Bits|  Protocol  | Source Object|    C Type    |
+-----------------------+-----+-----+------------+--------------+--------------+
|s_axi_control_AWVALID  |  in |    1|    s_axi   |    control   |    scalar    |
|s_axi_control_AWREADY  | out |    1|    s_axi   |    control   |    scalar    |
|s_axi_control_AWADDR   |  in |    6|    s_axi   |    control   |    scalar    |
|s_axi_control_WVALID   |  in |    1|    s_axi   |    control   |    scalar    |
|s_axi_control_WREADY   | out |    1|    s_axi   |    control   |    scalar    |
|s_axi_control_WDATA    |  in |   32|    s_axi   |    control   |    scalar    |
|s_axi_control_WSTRB    |  in |    4|    s_axi   |    control   |    scalar    |
|s_axi_control_ARVALID  |  in |    1|    s_axi   |    control   |    scalar    |
|s_axi_control_ARREADY  | out |    1|    s_axi   |    control   |    scalar    |
|s_axi_control_ARADDR   |  in |    6|    s_axi   |    control   |    scalar    |
|s_axi_control_RVALID   | out |    1|    s_axi   |    control   |    scalar    |
|s_axi_control_RREADY   |  in |    1|    s_axi   |    control   |    scalar    |
|s_axi_control_RDATA    | out |   32|    s_axi   |    control   |    scalar    |
|s_axi_control_RRESP    | out |    2|    s_axi   |    control   |    scalar    |
|s_axi_control_BVALID   | out |    1|    s_axi   |    control   |    scalar    |
|s_axi_control_BREADY   |  in |    1|    s_axi   |    control   |    scalar    |
|s_axi_control_BRESP    | out |    2|    s_axi   |    control   |    scalar    |
|ap_clk                 |  in |    1| ap_ctrl_hs |     K_ntt    | return value |
|ap_rst_n               |  in |    1| ap_ctrl_hs |     K_ntt    | return value |
|event_done             | out |    1| ap_ctrl_hs |     K_ntt    | return value |
|interrupt              | out |    1| ap_ctrl_hs |     K_ntt    | return value |
|event_start            | out |    1| ap_ctrl_hs |     K_ntt    | return value |
|stall_start_ext        | out |    1| ap_ctrl_hs |     K_ntt    | return value |
|stall_done_ext         | out |    1| ap_ctrl_hs |     K_ntt    | return value |
|stall_start_str        | out |    1| ap_ctrl_hs |     K_ntt    | return value |
|stall_done_str         | out |    1| ap_ctrl_hs |     K_ntt    | return value |
|stall_start_int        | out |    1| ap_ctrl_hs |     K_ntt    | return value |
|stall_done_int         | out |    1| ap_ctrl_hs |     K_ntt    | return value |
|m_axi_gmem_AWVALID     | out |    1|    m_axi   |     gmem     |    pointer   |
|m_axi_gmem_AWREADY     |  in |    1|    m_axi   |     gmem     |    pointer   |
|m_axi_gmem_AWADDR      | out |   64|    m_axi   |     gmem     |    pointer   |
|m_axi_gmem_AWID        | out |    1|    m_axi   |     gmem     |    pointer   |
|m_axi_gmem_AWLEN       | out |    8|    m_axi   |     gmem     |    pointer   |
|m_axi_gmem_AWSIZE      | out |    3|    m_axi   |     gmem     |    pointer   |
|m_axi_gmem_AWBURST     | out |    2|    m_axi   |     gmem     |    pointer   |
|m_axi_gmem_AWLOCK      | out |    2|    m_axi   |     gmem     |    pointer   |
|m_axi_gmem_AWCACHE     | out |    4|    m_axi   |     gmem     |    pointer   |
|m_axi_gmem_AWPROT      | out |    3|    m_axi   |     gmem     |    pointer   |
|m_axi_gmem_AWQOS       | out |    4|    m_axi   |     gmem     |    pointer   |
|m_axi_gmem_AWREGION    | out |    4|    m_axi   |     gmem     |    pointer   |
|m_axi_gmem_AWUSER      | out |    1|    m_axi   |     gmem     |    pointer   |
|m_axi_gmem_WVALID      | out |    1|    m_axi   |     gmem     |    pointer   |
|m_axi_gmem_WREADY      |  in |    1|    m_axi   |     gmem     |    pointer   |
|m_axi_gmem_WDATA       | out |   32|    m_axi   |     gmem     |    pointer   |
|m_axi_gmem_WSTRB       | out |    4|    m_axi   |     gmem     |    pointer   |
|m_axi_gmem_WLAST       | out |    1|    m_axi   |     gmem     |    pointer   |
|m_axi_gmem_WID         | out |    1|    m_axi   |     gmem     |    pointer   |
|m_axi_gmem_WUSER       | out |    1|    m_axi   |     gmem     |    pointer   |
|m_axi_gmem_ARVALID     | out |    1|    m_axi   |     gmem     |    pointer   |
|m_axi_gmem_ARREADY     |  in |    1|    m_axi   |     gmem     |    pointer   |
|m_axi_gmem_ARADDR      | out |   64|    m_axi   |     gmem     |    pointer   |
|m_axi_gmem_ARID        | out |    1|    m_axi   |     gmem     |    pointer   |
|m_axi_gmem_ARLEN       | out |    8|    m_axi   |     gmem     |    pointer   |
|m_axi_gmem_ARSIZE      | out |    3|    m_axi   |     gmem     |    pointer   |
|m_axi_gmem_ARBURST     | out |    2|    m_axi   |     gmem     |    pointer   |
|m_axi_gmem_ARLOCK      | out |    2|    m_axi   |     gmem     |    pointer   |
|m_axi_gmem_ARCACHE     | out |    4|    m_axi   |     gmem     |    pointer   |
|m_axi_gmem_ARPROT      | out |    3|    m_axi   |     gmem     |    pointer   |
|m_axi_gmem_ARQOS       | out |    4|    m_axi   |     gmem     |    pointer   |
|m_axi_gmem_ARREGION    | out |    4|    m_axi   |     gmem     |    pointer   |
|m_axi_gmem_ARUSER      | out |    1|    m_axi   |     gmem     |    pointer   |
|m_axi_gmem_RVALID      |  in |    1|    m_axi   |     gmem     |    pointer   |
|m_axi_gmem_RREADY      | out |    1|    m_axi   |     gmem     |    pointer   |
|m_axi_gmem_RDATA       |  in |   32|    m_axi   |     gmem     |    pointer   |
|m_axi_gmem_RLAST       |  in |    1|    m_axi   |     gmem     |    pointer   |
|m_axi_gmem_RID         |  in |    1|    m_axi   |     gmem     |    pointer   |
|m_axi_gmem_RUSER       |  in |    1|    m_axi   |     gmem     |    pointer   |
|m_axi_gmem_RRESP       |  in |    2|    m_axi   |     gmem     |    pointer   |
|m_axi_gmem_BVALID      |  in |    1|    m_axi   |     gmem     |    pointer   |
|m_axi_gmem_BREADY      | out |    1|    m_axi   |     gmem     |    pointer   |
|m_axi_gmem_BRESP       |  in |    2|    m_axi   |     gmem     |    pointer   |
|m_axi_gmem_BID         |  in |    1|    m_axi   |     gmem     |    pointer   |
|m_axi_gmem_BUSER       |  in |    1|    m_axi   |     gmem     |    pointer   |
+-----------------------+-----+-----+------------+--------------+--------------+

