

================================================================
== Vivado HLS Report for 'mul_mod'
================================================================
* Date:           Tue Jun 29 12:15:05 2021

* Version:        2019.2 (Build 2704478 on Wed Nov 06 22:10:23 MST 2019)
* Project:        K_ntt
* Solution:       solution
* Product family: virtexuplus
* Target device:  xcu50-fsvh2104-2-e


================================================================
== Performance Estimates
================================================================
+ Timing: 
    * Summary: 
    +--------+---------+----------+------------+
    |  Clock |  Target | Estimated| Uncertainty|
    +--------+---------+----------+------------+
    |ap_clk  | 3.33 ns | 2.172 ns |   0.90 ns  |
    +--------+---------+----------+------------+

+ Latency: 
    * Summary: 
    +---------+---------+-----------+-----------+-----+-----+----------+
    |  Latency (cycles) |   Latency (absolute)  |  Interval | Pipeline |
    |   min   |   max   |    min    |    max    | min | max |   Type   |
    +---------+---------+-----------+-----------+-----+-----+----------+
    |       13|       13| 43.329 ns | 43.329 ns |    1|    1| function |
    +---------+---------+-----------+-----------+-----+-----+----------+

    + Detail: 
        * Instance: 
        N/A

        * Loop: 
        N/A



================================================================
== Utilization Estimates
================================================================
* Summary: 
+---------------------+---------+-------+---------+--------+-----+
|         Name        | BRAM_18K| DSP48E|    FF   |   LUT  | URAM|
+---------------------+---------+-------+---------+--------+-----+
|DSP                  |        -|      -|        -|       -|    -|
|Expression           |        -|      -|        0|     270|    -|
|FIFO                 |        -|      -|        -|       -|    -|
|Instance             |        -|     12|      693|     147|    -|
|Memory               |        -|      -|        -|       -|    -|
|Multiplexer          |        -|      -|        -|       -|    -|
|Register             |        2|      -|      642|      97|    -|
+---------------------+---------+-------+---------+--------+-----+
|Total                |        2|     12|     1335|     514|    0|
+---------------------+---------+-------+---------+--------+-----+
|Available SLR        |     1344|   2976|   871680|  435840|  320|
+---------------------+---------+-------+---------+--------+-----+
|Utilization SLR (%)  |    ~0   |   ~0  |    ~0   |   ~0   |    0|
+---------------------+---------+-------+---------+--------+-----+
|Available            |     2688|   5952|  1743360|  871680|  640|
+---------------------+---------+-------+---------+--------+-----+
|Utilization (%)      |    ~0   |   ~0  |    ~0   |   ~0   |    0|
+---------------------+---------+-------+---------+--------+-----+

+ Detail: 
    * Instance: 
    +------------------------------+---------------------------+---------+-------+-----+----+-----+
    |           Instance           |           Module          | BRAM_18K| DSP48E|  FF | LUT| URAM|
    +------------------------------+---------------------------+---------+-------+-----+----+-----+
    |K_ntt_mul_32s_32ns_64_4_1_U3  |K_ntt_mul_32s_32ns_64_4_1  |        0|      4|  231|  49|    0|
    |K_ntt_mul_32s_32s_32_4_1_U2   |K_ntt_mul_32s_32s_32_4_1   |        0|      4|  231|  49|    0|
    |K_ntt_mul_32s_32s_64_4_1_U1   |K_ntt_mul_32s_32s_64_4_1   |        0|      4|  231|  49|    0|
    +------------------------------+---------------------------+---------+-------+-----+----+-----+
    |Total                         |                           |        0|     12|  693| 147|    0|
    +------------------------------+---------------------------+---------+-------+-----+----+-----+

    * DSP48E: 
    N/A

    * Memory: 
    N/A

    * FIFO: 
    N/A

    * Expression: 
    +----------------------+----------+-------+---+----+------------+------------+
    |     Variable Name    | Operation| DSP48E| FF| LUT| Bitwidth P0| Bitwidth P1|
    +----------------------+----------+-------+---+----+------------+------------+
    |acc_V_fu_92_p2        |     +    |      0|  0|  64|          64|          64|
    |ret_V_5_fu_137_p2     |     +    |      0|  0|  32|          32|          32|
    |ret_V_3_fu_114_p2     |     -    |      0|  0|  32|          32|          32|
    |sub_ln1371_fu_125_p2  |     -    |      0|  0|  32|           1|          32|
    |ap_ext_blocking_n     |    and   |      0|  0|   2|           2|           2|
    |ap_int_blocking_n     |    and   |      0|  0|   2|           2|           2|
    |ap_str_blocking_n     |    and   |      0|  0|   2|           2|           2|
    |icmp_ln887_fu_131_p2  |   icmp   |      0|  0|  20|          32|          32|
    |icmp_ln895_fu_109_p2  |   icmp   |      0|  0|  20|          32|          32|
    |ap_return             |  select  |      0|  0|  32|           1|          32|
    |ret_V_4_fu_118_p3     |  select  |      0|  0|  32|           1|          32|
    +----------------------+----------+-------+---+----+------------+------------+
    |Total                 |          |      0|  0| 270|         201|         294|
    +----------------------+----------+-------+---+----+------------+------------+

    * Multiplexer: 
    N/A

    * Register: 
    +-----------------------+----+----+-----+-----------+
    |          Name         | FF | LUT| Bits| Const Bits|
    +-----------------------+----+----+-----+-----------+
    |a_V_int_reg            |  32|   0|   32|          0|
    |b_V_int_reg            |  32|   0|   32|          0|
    |lower_V_reg_187        |  32|   0|   32|          0|
    |lshr_ln_reg_172        |  31|   0|   31|          0|
    |mod_V_int_reg          |  32|   0|   32|          0|
    |mod_V_read_reg_155     |  32|   0|   32|          0|
    |mprime_V_int_reg       |  32|   0|   32|          0|
    |mprime_V_read_reg_150  |  32|   0|   32|          0|
    |ret_V_6_reg_177        |  64|   0|   64|          0|
    |ret_V_7_reg_202        |  64|   0|   64|          0|
    |ret_V_reg_207          |  32|   0|   32|          0|
    |trunc_ln647_reg_182    |  32|   0|   32|          0|
    |lshr_ln_reg_172        |  64|  32|   31|          0|
    |mod_V_read_reg_155     |  64|  32|   32|          0|
    |mprime_V_read_reg_150  |  64|  32|   32|          0|
    |ret_V_6_reg_177        |   3|   1|   64|          0|
    +-----------------------+----+----+-----+-----------+
    |Total                  | 642|  97|  606|          0|
    +-----------------------+----+----+-----+-----------+



================================================================
== Interface
================================================================
* Summary: 
+-------------------+-----+-----+------------+--------------+--------------+
|     RTL Ports     | Dir | Bits|  Protocol  | Source Object|    C Type    |
+-------------------+-----+-----+------------+--------------+--------------+
|ap_clk             |  in |    1| ap_ctrl_hs |    mul_mod   | return value |
|ap_rst             |  in |    1| ap_ctrl_hs |    mul_mod   | return value |
|ap_return          | out |   32| ap_ctrl_hs |    mul_mod   | return value |
|ap_ce              |  in |    1| ap_ctrl_hs |    mul_mod   | return value |
|ap_ext_blocking_n  | out |    1| ap_ctrl_hs |    mul_mod   | return value |
|ap_str_blocking_n  | out |    1| ap_ctrl_hs |    mul_mod   | return value |
|ap_int_blocking_n  | out |    1| ap_ctrl_hs |    mul_mod   | return value |
|a_V                |  in |   32|   ap_none  |      a_V     |    scalar    |
|b_V                |  in |   32|   ap_none  |      b_V     |    scalar    |
|mod_V              |  in |   32|   ap_none  |     mod_V    |    scalar    |
|mprime_V           |  in |   32|   ap_none  |   mprime_V   |    scalar    |
+-------------------+-----+-----+------------+--------------+--------------+

